<?xml version="1.0" encoding="UTF-8"?>
<!-- Generated by org.testng.reporters.JUnitReportReporter -->
<testsuite skipped="0" hostname="MPL-11S7LQ2" name="com.qa.usersApi.test.DeleteRequestTest" tests="2" failures="0" timestamp="27 Jun 2021 18:04:11 GMT" time="0.222" errors="0">
  <testcase name="verifyDeleteAnAlreadyDeletedUserTest" time="0.126" classname="com.qa.usersApi.test.DeleteRequestTest"/>
  <testcase name="verifyDeleteUserTest" time="0.096" classname="com.qa.usersApi.test.DeleteRequestTest"/>
</testsuite> <!-- com.qa.usersApi.test.DeleteRequestTest -->
