<?xml version="1.0" encoding="UTF-8"?>
<!-- Generated by org.testng.reporters.JUnitReportReporter -->
<testsuite skipped="0" hostname="MPL-11S7LQ2" name="com.qa.weatherApi.test.GetRequest" tests="3" failures="0" timestamp="29 Mar 2020 07:37:12 GMT" time="9.170" errors="0">
  <testcase name="getWeatherDetails" time="4.744" classname="com.qa.weatherApi.test.GetRequest"/>
  <testcase name="getWeatherDetails" time="2.043" classname="com.qa.weatherApi.test.GetRequest"/>
  <testcase name="getWeatherDetails" time="2.383" classname="com.qa.weatherApi.test.GetRequest"/>
</testsuite> <!-- com.qa.weatherApi.test.GetRequest -->
