<?xml version="1.0" encoding="UTF-8"?>
<!-- Generated by org.testng.reporters.JUnitReportReporter -->
<testsuite skipped="0" hostname="MPL-11S7LQ2" name="com.qa.usersApi.test.PostRequestTest" tests="3" failures="0" timestamp="27 Jun 2021 18:04:11 GMT" time="0.645" errors="0">
  <testcase name="verifyCreateUserWithDuplicateEmailIdTest" time="0.045" classname="com.qa.usersApi.test.PostRequestTest"/>
  <testcase name="verifyCreateUserTest" time="0.507" classname="com.qa.usersApi.test.PostRequestTest"/>
  <testcase name="verifyCreateUserWithDuplicateFN_LN_DOBTest" time="0.093" classname="com.qa.usersApi.test.PostRequestTest"/>
</testsuite> <!-- com.qa.usersApi.test.PostRequestTest -->
