<?xml version="1.0" encoding="UTF-8"?>
<!-- Generated by org.testng.reporters.JUnitReportReporter -->
<testsuite skipped="0" hostname="MPL-11S7LQ2" name="com.qa.usersApi.test.GetRequestTest" tests="2" failures="0" timestamp="27 Jun 2021 18:04:11 GMT" time="2.017" errors="0">
  <testcase name="verifyUserDetailsFieldFormats" time="0.370" classname="com.qa.usersApi.test.GetRequestTest"/>
  <testcase name="verifyUserBasedOnUserId" time="1.647" classname="com.qa.usersApi.test.GetRequestTest"/>
</testsuite> <!-- com.qa.usersApi.test.GetRequestTest -->
